c:\users\hoon\github\dx12_study\game\x64\debug\client.pch
c:\users\hoon\github\dx12_study\game\x64\debug\vc143.pdb
c:\users\hoon\github\dx12_study\game\x64\debug\vc143.idb
c:\users\hoon\github\dx12_study\game\x64\debug\pch.obj
c:\users\hoon\github\dx12_study\game\x64\debug\game.obj
c:\users\hoon\github\dx12_study\game\x64\debug\client.obj
c:\users\hoon\github\dx12_study\game\x64\debug\game.res
c:\users\hoon\github\dx12_study\game\x64\debug\stdafx.obj
c:\users\hoon\github\dx12_study\game\x64\debug\game.ilk
c:\users\hoon\github\dx12_study\game\x64\debug\game.pch
c:\users\hoon\github\dx12_study\output\client.pdb
c:\users\hoon\github\dx12_study\game\x64\debug\client.tlog\cl.command.1.tlog
c:\users\hoon\github\dx12_study\game\x64\debug\client.tlog\cl.items.tlog
c:\users\hoon\github\dx12_study\game\x64\debug\client.tlog\cl.read.1.tlog
c:\users\hoon\github\dx12_study\game\x64\debug\client.tlog\cl.write.1.tlog
c:\users\hoon\github\dx12_study\game\x64\debug\client.tlog\link-cvtres.read.1.tlog
c:\users\hoon\github\dx12_study\game\x64\debug\client.tlog\link-cvtres.write.1.tlog
c:\users\hoon\github\dx12_study\game\x64\debug\client.tlog\link-rc.read.1.tlog
c:\users\hoon\github\dx12_study\game\x64\debug\client.tlog\link-rc.write.1.tlog
c:\users\hoon\github\dx12_study\game\x64\debug\client.tlog\link.33284-cvtres.read.1.tlog
c:\users\hoon\github\dx12_study\game\x64\debug\client.tlog\link.33284-cvtres.write.1.tlog
c:\users\hoon\github\dx12_study\game\x64\debug\client.tlog\link.33284-rc.read.1.tlog
c:\users\hoon\github\dx12_study\game\x64\debug\client.tlog\link.33284-rc.write.1.tlog
c:\users\hoon\github\dx12_study\game\x64\debug\client.tlog\link.33284.read.1.tlog
c:\users\hoon\github\dx12_study\game\x64\debug\client.tlog\link.33284.read.2.tlog
c:\users\hoon\github\dx12_study\game\x64\debug\client.tlog\link.33284.write.1.tlog
c:\users\hoon\github\dx12_study\game\x64\debug\client.tlog\link.command.1.tlog
c:\users\hoon\github\dx12_study\game\x64\debug\client.tlog\link.read.1.tlog
c:\users\hoon\github\dx12_study\game\x64\debug\client.tlog\link.read.2.tlog
c:\users\hoon\github\dx12_study\game\x64\debug\client.tlog\link.write.1.tlog
c:\users\hoon\github\dx12_study\game\x64\debug\client.tlog\rc.command.1.tlog
c:\users\hoon\github\dx12_study\game\x64\debug\client.tlog\rc.read.1.tlog
c:\users\hoon\github\dx12_study\game\x64\debug\client.tlog\rc.write.1.tlog
